<?xml version="1.0" encoding="UTF-8"?>
<testng-results ignored="0" total="3" passed="3" failed="0" skipped="0">
  <reporter-output>
  </reporter-output>
  <suite started-at="2026-02-27T08:41:10 IST" name="Suite" finished-at="2026-02-27T08:41:11 IST" duration-ms="22">
    <groups>
    </groups>
    <test started-at="2026-02-27T08:41:10 IST" name="Test" finished-at="2026-02-27T08:41:11 IST" duration-ms="22">
      <class name="com.example.testNG.Annotations">
        <test-method is-config="true" signature="propertySetting()[pri:0, instance:com.example.testNG.Annotations@7c469c48]" started-at="2026-02-27T08:41:10 IST" name="propertySetting" finished-at="2026-02-27T08:41:10 IST" duration-ms="6" status="PASS">
          <reporter-output>
          </reporter-output>
        </test-method> <!-- propertySetting -->
        <test-method is-config="true" signature="launchBrowser()[pri:0, instance:com.example.testNG.Annotations@7c469c48]" started-at="2026-02-27T08:41:10 IST" name="launchBrowser" finished-at="2026-02-27T08:41:10 IST" duration-ms="0" status="PASS">
          <reporter-output>
          </reporter-output>
        </test-method> <!-- launchBrowser -->
        <test-method is-config="true" signature="launchurl()[pri:0, instance:com.example.testNG.Annotations@7c469c48]" started-at="2026-02-27T08:41:10 IST" name="launchurl" finished-at="2026-02-27T08:41:10 IST" duration-ms="0" status="PASS">
          <reporter-output>
          </reporter-output>
        </test-method> <!-- launchurl -->
        <test-method signature="kids()[pri:0, instance:com.example.testNG.Annotations@7c469c48]" started-at="2026-02-27T08:41:10 IST" name="kids" finished-at="2026-02-27T08:41:10 IST" duration-ms="2" status="PASS">
          <reporter-output>
          </reporter-output>
        </test-method> <!-- kids -->
        <test-method is-config="true" signature="Login()[pri:0, instance:com.example.testNG.Annotations@7c469c48]" started-at="2026-02-27T08:41:10 IST" name="Login" finished-at="2026-02-27T08:41:10 IST" duration-ms="0" status="PASS">
          <reporter-output>
          </reporter-output>
        </test-method> <!-- Login -->
        <test-method is-config="true" signature="Login()[pri:0, instance:com.example.testNG.Annotations@7c469c48]" started-at="2026-02-27T08:41:10 IST" name="Login" finished-at="2026-02-27T08:41:10 IST" duration-ms="1" status="PASS">
          <reporter-output>
          </reporter-output>
        </test-method> <!-- Login -->
        <test-method is-config="true" signature="logout()[pri:0, instance:com.example.testNG.Annotations@7c469c48]" started-at="2026-02-27T08:41:10 IST" name="logout" finished-at="2026-02-27T08:41:10 IST" duration-ms="0" status="PASS">
          <reporter-output>
          </reporter-output>
        </test-method> <!-- logout -->
        <test-method signature="men()[pri:0, instance:com.example.testNG.Annotations@7c469c48]" started-at="2026-02-27T08:41:10 IST" name="men" finished-at="2026-02-27T08:41:10 IST" duration-ms="0" status="PASS">
          <reporter-output>
          </reporter-output>
        </test-method> <!-- men -->
        <test-method is-config="true" signature="logout()[pri:0, instance:com.example.testNG.Annotations@7c469c48]" started-at="2026-02-27T08:41:10 IST" name="logout" finished-at="2026-02-27T08:41:10 IST" duration-ms="0" status="PASS">
          <reporter-output>
          </reporter-output>
        </test-method> <!-- logout -->
        <test-method signature="women()[pri:0, instance:com.example.testNG.Annotations@7c469c48]" started-at="2026-02-27T08:41:10 IST" name="women" finished-at="2026-02-27T08:41:10 IST" duration-ms="0" status="PASS">
          <reporter-output>
          </reporter-output>
        </test-method> <!-- women -->
        <test-method is-config="true" signature="Login()[pri:0, instance:com.example.testNG.Annotations@7c469c48]" started-at="2026-02-27T08:41:10 IST" name="Login" finished-at="2026-02-27T08:41:10 IST" duration-ms="0" status="PASS">
          <reporter-output>
          </reporter-output>
        </test-method> <!-- Login -->
        <test-method is-config="true" signature="logout()[pri:0, instance:com.example.testNG.Annotations@7c469c48]" started-at="2026-02-27T08:41:10 IST" name="logout" finished-at="2026-02-27T08:41:10 IST" duration-ms="0" status="PASS">
          <reporter-output>
          </reporter-output>
        </test-method> <!-- logout -->
        <test-method is-config="true" signature="screenshot()[pri:0, instance:com.example.testNG.Annotations@7c469c48]" started-at="2026-02-27T08:41:10 IST" name="screenshot" finished-at="2026-02-27T08:41:10 IST" duration-ms="0" status="PASS">
          <reporter-output>
          </reporter-output>
        </test-method> <!-- screenshot -->
        <test-method is-config="true" signature="closeBrowser()[pri:0, instance:com.example.testNG.Annotations@7c469c48]" started-at="2026-02-27T08:41:10 IST" name="closeBrowser" finished-at="2026-02-27T08:41:11 IST" duration-ms="1" status="PASS">
          <reporter-output>
          </reporter-output>
        </test-method> <!-- closeBrowser -->
        <test-method is-config="true" signature="browserTermination()[pri:0, instance:com.example.testNG.Annotations@7c469c48]" started-at="2026-02-27T08:41:11 IST" name="browserTermination" finished-at="2026-02-27T08:41:11 IST" duration-ms="1" status="PASS">
          <reporter-output>
          </reporter-output>
        </test-method> <!-- browserTermination -->
      </class> <!-- com.example.testNG.Annotations -->
    </test> <!-- Test -->
  </suite> <!-- Suite -->
</testng-results>
