<?xml version="1.0" encoding="UTF-8"?>
<!-- Generated by org.testng.reporters.JUnitReportReporter -->
<testsuite hostname="DESKTOP-EHM9F59" failures="0" tests="3" name="com.example.testNG.Annotations" time="0.003" errors="0" timestamp="2026-02-27T08:41:11 IST" skipped="0">
  <testcase classname="com.example.testNG.Annotations" name="women" time="0.000"/>
  <testcase classname="com.example.testNG.Annotations" name="men" time="0.001"/>
  <testcase classname="com.example.testNG.Annotations" name="kids" time="0.002"/>
</testsuite> <!-- com.example.testNG.Annotations -->
