<?xml version="1.0" encoding="UTF-8"?>
<!-- Generated by org.testng.reporters.JUnitXMLReporter -->
<testsuite ignored="0" hostname="DESKTOP-EHM9F59" failures="0" tests="3" name="Test" time="0.022" errors="0" timestamp="2026-02-27T08:41:11 IST">
  <testcase classname="com.example.testNG.Annotations" name="kids" time="0.002"/>
  <testcase classname="com.example.testNG.Annotations" name="men" time="0.0"/>
  <testcase classname="com.example.testNG.Annotations" name="women" time="0.0"/>
</testsuite> <!-- Test -->
